<testsuites id="" name="" tests="1" failures="0" skipped="0" errors="0" time="118.14152500000002">
<testsuite name="mmb\specialAssistanceAmand.spec.js" timestamp="2025-07-09T08:36:38.927Z" hostname="chromium" tests="1" failures="0" skipped="0" time="114.346" errors="0">
<testcase name="[B2B]-[mmb]: Validation MMB flows › [B2B][mmb]: Verify the Special Assistance Amendment, navigate to the review and confirmation page, and proceed to the payment options" classname="mmb\specialAssistanceAmand.spec.js" time="114.346">
<properties>
<property name="test_key" value="B2B-3379">
</property>
<property name="agent" value="inhouse">
</property>
<property name="country" value="be">
</property>
<property name="env" value="sit">
</property>
<property name="jobId" value="">
</property>
<property name="tag" value="">
</property>
</properties>
<system-out>
<![CDATA[✅ Checkbox label clicked
✅ Save button clicked
]]>
</system-out>
</testcase>
</testsuite>
</testsuites>